This is pdfTeX, Version 3.14159265-2.6-1.40.18 (TeX Live 2017) (preloaded format=pdflatex 2017.5.23)  22 SEP 2017 11:28
entering extended mode
 restricted \write18 enabled.
 file:line:error style messages enabled.
 %&-line parsing enabled.
**"alex portfolio.tex"
(./alex portfolio.tex
LaTeX2e <2017-04-15>
Babel <3.10> and hyphenation patterns for 84 language(s) loaded.
(/usr/local/texlive/2017/texmf-dist/tex/latex/base/report.cls
Document Class: report 2014/09/29 v1.4h Standard LaTeX document class
(/usr/local/texlive/2017/texmf-dist/tex/latex/base/size10.clo
File: size10.clo 2014/09/29 v1.4h Standard LaTeX file (size option)
)
\c@part=\count79
\c@chapter=\count80
\c@section=\count81
\c@subsection=\count82
\c@subsubsection=\count83
\c@paragraph=\count84
\c@subparagraph=\count85
\c@figure=\count86
\c@table=\count87
\abovecaptionskip=\skip41
\belowcaptionskip=\skip42
\bibindent=\dimen102
) (/usr/local/texlive/2017/texmf-dist/tex/latex/graphics/graphicx.sty
Package: graphicx 2014/10/28 v1.0g Enhanced LaTeX Graphics (DPC,SPQR)
 (/usr/local/texlive/2017/texmf-dist/tex/latex/graphics/keyval.sty
Package: keyval 2014/10/28 v1.15 key=value parser (DPC)
\KV@toks@=\toks14
) (/usr/local/texlive/2017/texmf-dist/tex/latex/graphics/graphics.sty
Package: graphics 2017/04/14 v1.1b Standard LaTeX Graphics (DPC,SPQR)
 (/usr/local/texlive/2017/texmf-dist/tex/latex/graphics/trig.sty
Package: trig 2016/01/03 v1.10 sin cos tan (DPC)
) (/usr/local/texlive/2017/texmf-dist/tex/latex/graphics-cfg/graphics.cfg
File: graphics.cfg 2016/06/04 v1.11 sample graphics configuration
)
Package graphics Info: Driver file: pdftex.def on input line 99.
 (/usr/local/texlive/2017/texmf-dist/tex/latex/graphics-def/pdftex.def
File: pdftex.def 2017/01/12 v0.06k Graphics/color for pdfTeX
 (/usr/local/texlive/2017/texmf-dist/tex/generic/oberdiek/infwarerr.sty
Package: infwarerr 2016/05/16 v1.4 Providing info/warning/error messages (HO)
) (/usr/local/texlive/2017/texmf-dist/tex/generic/oberdiek/ltxcmds.sty
Package: ltxcmds 2016/05/16 v1.23 LaTeX kernel commands for general use (HO)
)
\Gread@gobject=\count88
))
\Gin@req@height=\dimen103
\Gin@req@width=\dimen104
) (./alex portfolio.aux)
\openout1 = `"alex portfolio.aux"'.

LaTeX Font Info:    Checking defaults for OML/cmm/m/it on input line 8.
LaTeX Font Info:    ... okay on input line 8.
LaTeX Font Info:    Checking defaults for T1/cmr/m/n on input line 8.
LaTeX Font Info:    ... okay on input line 8.
LaTeX Font Info:    Checking defaults for OT1/cmr/m/n on input line 8.
LaTeX Font Info:    ... okay on input line 8.
LaTeX Font Info:    Checking defaults for OMS/cmsy/m/n on input line 8.
LaTeX Font Info:    ... okay on input line 8.
LaTeX Font Info:    Checking defaults for OMX/cmex/m/n on input line 8.
LaTeX Font Info:    ... okay on input line 8.
LaTeX Font Info:    Checking defaults for U/cmr/m/n on input line 8.
LaTeX Font Info:    ... okay on input line 8.
 (/usr/local/texlive/2017/texmf-dist/tex/context/base/mkii/supp-pdf.mkii
[Loading MPS to PDF converter (version 2006.09.02).]
\scratchcounter=\count89
\scratchdimen=\dimen105
\scratchbox=\box26
\nofMPsegments=\count90
\nofMParguments=\count91
\everyMPshowfont=\toks15
\MPscratchCnt=\count92
\MPscratchDim=\dimen106
\MPnumerator=\count93
\makeMPintoPDFobject=\count94
\everyMPtoPDFconversion=\toks16
) (/usr/local/texlive/2017/texmf-dist/tex/generic/oberdiek/pdftexcmds.sty
Package: pdftexcmds 2017/03/19 v0.25 Utility functions of pdfTeX for LuaTeX (HO)
 (/usr/local/texlive/2017/texmf-dist/tex/generic/oberdiek/ifluatex.sty
Package: ifluatex 2016/05/16 v1.4 Provides the ifluatex switch (HO)
Package ifluatex Info: LuaTeX not detected.
) (/usr/local/texlive/2017/texmf-dist/tex/generic/oberdiek/ifpdf.sty
Package: ifpdf 2017/03/15 v3.2 Provides the ifpdf switch
)
Package pdftexcmds Info: LuaTeX not detected.
Package pdftexcmds Info: \pdf@primitive is available.
Package pdftexcmds Info: \pdf@ifprimitive is available.
Package pdftexcmds Info: \pdfdraftmode found.
) (/usr/local/texlive/2017/texmf-dist/tex/latex/oberdiek/epstopdf-base.sty
Package: epstopdf-base 2016/05/15 v2.6 Base part for package epstopdf
 (/usr/local/texlive/2017/texmf-dist/tex/latex/oberdiek/grfext.sty
Package: grfext 2016/05/16 v1.2 Manage graphics extensions (HO)
 (/usr/local/texlive/2017/texmf-dist/tex/generic/oberdiek/kvdefinekeys.sty
Package: kvdefinekeys 2016/05/16 v1.4 Define keys (HO)
)) (/usr/local/texlive/2017/texmf-dist/tex/latex/oberdiek/kvoptions.sty
Package: kvoptions 2016/05/16 v3.12 Key value format for package options (HO)
 (/usr/local/texlive/2017/texmf-dist/tex/generic/oberdiek/kvsetkeys.sty
Package: kvsetkeys 2016/05/16 v1.17 Key value parser (HO)
 (/usr/local/texlive/2017/texmf-dist/tex/generic/oberdiek/etexcmds.sty
Package: etexcmds 2016/05/16 v1.6 Avoid name clashes with e-TeX commands (HO)
Package etexcmds Info: Could not find \expanded.
(etexcmds)             That can mean that you are not using pdfTeX 1.50 or
(etexcmds)             that some package has redefined \expanded.
(etexcmds)             In the latter case, load this package earlier.
)))
Package epstopdf-base Info: Redefining graphics rule for `.eps' on input line 438.
Package grfext Info: Graphics extension search list:
(grfext)             [.png,.pdf,.jpg,.mps,.jpeg,.jbig2,.jb2,.PNG,.PDF,.JPG,.JPEG,.JBIG2,.JB2,.eps]
(grfext)             \AppendGraphicsExtensions on input line 456.
 (/usr/local/texlive/2017/texmf-dist/tex/latex/latexconfig/epstopdf-sys.cfg
File: epstopdf-sys.cfg 2010/07/13 v1.3 Configuration of (r)epstopdf for TeX Live
))
LaTeX Font Info:    External font `cmex10' loaded for size
(Font)              <12> on input line 10.
LaTeX Font Info:    External font `cmex10' loaded for size
(Font)              <8> on input line 10.
LaTeX Font Info:    External font `cmex10' loaded for size
(Font)              <6> on input line 10.
 [1

{/usr/local/texlive/2017/texmf-var/fonts/map/pdftex/updmap/pdftex.map}] <res/portraitstudiofootball.jpg, id=8, 4751.7525pt x 3167.835pt>
File: res/portraitstudiofootball.jpg Graphic file (type jpg)
 <use res/portraitstudiofootball.jpg>
Package pdftex.def Info: res/portraitstudiofootball.jpg used on input line 13.
(pdftex.def)             Requested size: 345.0pt x 229.98843pt.
 <res/flowermacro.jpg, id=9, 5648.10126pt x 3770.085pt>
File: res/flowermacro.jpg Graphic file (type jpg)
 <use res/flowermacro.jpg>
Package pdftex.def Info: res/flowermacro.jpg used on input line 18.
(pdftex.def)             Requested size: 345.0pt x 230.27974pt.

<res/portraitlei.jpg, id=10, 3827.29875pt x 3827.29875pt>
File: res/portraitlei.jpg Graphic file (type jpg)
 <use res/portraitlei.jpg>
Package pdftex.def Info: res/portraitlei.jpg used on input line 23.
(pdftex.def)             Requested size: 345.0pt x 344.96762pt.
 <res/groupluau.jpg, id=11, 6038.56pt x 4031.06pt>
File: res/groupluau.jpg Graphic file (type jpg)
 <use res/groupluau.jpg>
Package pdftex.def Info: res/groupluau.jpg used on input line 28.
(pdftex.def)             Requested size: 345.0pt x 230.28949pt.
 <res/colorfulwalls.jpg, id=12, 5071.94875pt x 3385.64874pt>
File: res/colorfulwalls.jpg Graphic file (type jpg)
 <use res/colorfulwalls.jpg>
Package pdftex.def Info: res/colorfulwalls.jpg used on input line 33.
(pdftex.def)             Requested size: 345.0pt x 230.25206pt.
 <res/bubblebath.jpg, id=13, 5271.695pt x 3519.1475pt>
File: res/bubblebath.jpg Graphic file (type jpg)
 <use res/bubblebath.jpg>
Package pdftex.def Info: res/bubblebath.jpg used on input line 38.
(pdftex.def)             Requested size: 345.0pt x 230.25615pt.
 <res/flowerpot.jpg, id=14, 5586.8725pt x 3729.935pt>
File: res/flowerpot.jpg Graphic file (type jpg)
 <use res/flowerpot.jpg>
Package pdftex.def Info: res/flowerpot.jpg used on input line 43.
(pdftex.def)             Requested size: 345.0pt x 230.27466pt.
 <res/portraitheadshot.jpg, id=15, 5129.1625pt x 3419.77625pt>
File: res/portraitheadshot.jpg Graphic file (type jpg)
 <use res/portraitheadshot.jpg>
Package pdftex.def Info: res/portraitheadshot.jpg used on input line 48.
(pdftex.def)             Requested size: 345.0pt x 230.01613pt.
 <res/portraittree.jpg, id=16, 3146.75626pt x 3146.75626pt>
File: res/portraittree.jpg Graphic file (type jpg)
 <use res/portraittree.jpg>
Package pdftex.def Info: res/portraittree.jpg used on input line 53.
(pdftex.def)             Requested size: 345.0pt x 344.99188pt.
 <res/portraitbw.jpg, id=17, 3492.04625pt x 4365.30875pt>
File: res/portraitbw.jpg Graphic file (type jpg)
 <use res/portraitbw.jpg>
Package pdftex.def Info: res/portraitbw.jpg used on input line 58.
(pdftex.def)             Requested size: 345.0pt x 431.22772pt.
 <res/fireworks.jpg, id=18, 3375.61125pt x 3375.61125pt>
File: res/fireworks.jpg Graphic file (type jpg)
 <use res/fireworks.jpg>
Package pdftex.def Info: res/fireworks.jpg used on input line 63.
(pdftex.def)             Requested size: 345.0pt x 344.998pt.
 <res/actionlei.jpg, id=19, 6038.56pt x 4031.06pt>
File: res/actionlei.jpg Graphic file (type jpg)
 <use res/actionlei.jpg>
Package pdftex.def Info: res/actionlei.jpg used on input line 68.
(pdftex.def)             Requested size: 345.0pt x 230.28949pt.
 <res/symmetricalflowers.jpg, id=20, 4952.5025pt x 3306.3525pt>
File: res/symmetricalflowers.jpg Graphic file (type jpg)
 <use res/symmetricalflowers.jpg>
Package pdftex.def Info: res/symmetricalflowers.jpg used on input line 73.
(pdftex.def)             Requested size: 345.0pt x 230.30795pt.
 <res/blowingoutcandles.jpg, id=21, 4502.8225pt x 3006.23125pt>
File: res/blowingoutcandles.jpg Graphic file (type jpg)

<use res/blowingoutcandles.jpg>
Package pdftex.def Info: res/blowingoutcandles.jpg used on input line 78.
(pdftex.def)             Requested size: 345.0pt x 230.31998pt.
 [1 <./res/portraitstudiofootball.jpg> <./res/flowermacro.jpg>] [2 <./res/portraitlei.jpg>] [3 <./res/groupluau.jpg> <./res/colorfulwalls.jpg>] [4 <./res/bubblebath.jpg> <./res/flowerpot.jpg>] [5 <./res/portraitheadshot.jpg>] [6 <./res/portraittree.jpg>] [7 <./res/portraitbw.jpg>] [8 <./res/fireworks.jpg>] [9 <./res/actionlei.jpg> <./res/symmetricalflowers.jpg>] [10 <./res/blowingoutcandles.jpg>] (./alex portfolio.aux) ) 
Here is how much of TeX's memory you used:
 1573 strings out of 492995
 23345 string characters out of 6132704
 81500 words of memory out of 5000000
 5122 multiletter control sequences out of 15000+600000
 6675 words of font info for 24 fonts, out of 8000000 for 9000
 1141 hyphenation exceptions out of 8191
 39i,6n,25p,242b,216s stack positions out of 5000i,500n,10000p,200000b,80000s
</usr/local/texlive/2017/texmf-dist/fonts/type1/public/amsfonts/cm/cmr10.pfb></usr/local/texlive/2017/texmf-dist/fonts/type1/public/amsfonts/cm/cmr12.pfb></usr/local/texlive/2017/texmf-dist/fonts/type1/public/amsfonts/cm/cmr17.pfb>
Output written on "alex portfolio.pdf" (11 pages, 23166618 bytes).
PDF statistics:
 66 PDF objects out of 1000 (max. 8388607)
 35 compressed objects within 1 object stream
 0 named destinations out of 1000 (max. 500000)
 71 words of extra memory for PDF output out of 10000 (max. 10000000)

